#
# There is insufficient memory for the Java Runtime Environment to continue.
# Native memory allocation (malloc) failed to allocate 1663216 bytes for Chunk::new
# Possible reasons:
#   The system is out of physical RAM or swap space
#   The process is running with CompressedOops enabled, and the Java Heap may be blocking the growth of the native heap
# Possible solutions:
#   Reduce memory load on the system
#   Increase physical memory or swap space
#   Check if swap backing store is full
#   Decrease Java heap size (-Xmx/-Xms)
#   Decrease number of Java threads
#   Decrease Java thread stack sizes (-Xss)
#   Set larger code cache with -XX:ReservedCodeCacheSize=
#   JVM is running with Unscaled Compressed Oops mode in which the Java heap is
#     placed in the first 4GB address space. The Java Heap base address is the
#     maximum limit for the native heap growth. Please use -XX:HeapBaseMinAddress
#     to set the Java Heap base and to place the Java Heap above 4GB virtual address.
# This output file may be truncated or incomplete.
#
#  Out of Memory Error (arena.cpp:191), pid=8452, tid=4440
#
# JRE version: OpenJDK Runtime Environment Corretto-17.0.10.7.1 (17.0.10+7) (build 17.0.10+7-LTS)
# Java VM: OpenJDK 64-Bit Server VM Corretto-17.0.10.7.1 (17.0.10+7-LTS, mixed mode, sharing, tiered, compressed oops, compressed class ptrs, g1 gc, windows-amd64)
# No core dump will be written. Minidumps are not enabled by default on client versions of Windows
#

---------------  S U M M A R Y ------------

Command Line: -javaagent:C:\Program Files\JetBrains\IntelliJ IDEA Community Edition 2023.3.4\lib\idea_rt.jar=53325:C:\Program Files\JetBrains\IntelliJ IDEA Community Edition 2023.3.4\bin -Dfile.encoding=UTF-8 javag.javagApplication

Host: Intel(R) Core(TM) i3-4100M CPU @ 2.50GHz, 4 cores, 4G,  Windows 10 , 64 bit Build 19041 (10.0.19041.3636)
Time: Tue Apr 23 16:09:43 2024 E. Africa Standard Time elapsed time: 18.048681 seconds (0d 0h 0m 18s)

---------------  T H R E A D  ---------------

Current thread (0x000001b74a976350):  JavaThread "C2 CompilerThread1" daemon [_thread_in_native, id=4440, stack(0x00000079e9100000,0x00000079e9200000)]


Current CompileTask:
C2:  18048 3893   !   4       jdk.internal.loader.BuiltinClassLoader::findClassOnClassPathOrNull (64 bytes)

Stack: [0x00000079e9100000,0x00000079e9200000]
Native frames: (J=compiled Java code, j=interpreted, Vv=VM code, C=native code)
V  [jvm.dll+0x67d2c9]
V  [jvm.dll+0x834b1a]
V  [jvm.dll+0x8365de]
V  [jvm.dll+0x836c43]
V  [jvm.dll+0x2477ff]
V  [jvm.dll+0xac514]
V  [jvm.dll+0xacb5c]
V  [jvm.dll+0x366782]
V  [jvm.dll+0x330bfa]
V  [jvm.dll+0x33009a]
V  [jvm.dll+0x219ef1]
V  [jvm.dll+0x219311]
V  [jvm.dll+0x1a502d]
V  [jvm.dll+0x2290de]
V  [jvm.dll+0x2272ac]
V  [jvm.dll+0x7e9bd7]
V  [jvm.dll+0x7e3fda]
V  [jvm.dll+0x67c1b5]
C  [ucrtbase.dll+0x21bb2]
C  [KERNEL32.DLL+0x17344]
C  [ntdll.dll+0x526b1]


---------------  P R O C E S S  ---------------

Threads class SMR info:
_java_thread_list=0x000001b791c724d0, length=31, elements={
0x000001b74a4672c0, 0x000001b74a4688e0, 0x000001b74a47b870, 0x000001b74a47d5a0,
0x000001b74a47e900, 0x000001b74a483ab0, 0x000001b74a486690, 0x000001b74a488750,
0x000001b74a489fe0, 0x000001b74a53e5c0, 0x000001b74a9b2bd0, 0x000001b74a918cf0,
0x000001b79043be70, 0x000001b79043a520, 0x000001b79043aa30, 0x000001b790439b00,
0x000001b79043b450, 0x000001b79043af40, 0x000001b79043c890, 0x000001b790e32580,
0x000001b790e2f7f0, 0x000001b790e2e3b0, 0x000001b790e30c30, 0x000001b790e30210,
0x000001b790e31140, 0x000001b790e32070, 0x000001b790e2e8c0, 0x000001b790e30720,
0x000001b790e31b60, 0x000001b790e2edd0, 0x000001b74a976350
}

Java Threads: ( => current thread )
  0x000001b74a4672c0 JavaThread "Reference Handler" daemon [_thread_blocked, id=10092, stack(0x00000079e8700000,0x00000079e8800000)]
  0x000001b74a4688e0 JavaThread "Finalizer" daemon [_thread_blocked, id=10132, stack(0x00000079e8800000,0x00000079e8900000)]
  0x000001b74a47b870 JavaThread "Signal Dispatcher" daemon [_thread_blocked, id=8040, stack(0x00000079e8900000,0x00000079e8a00000)]
  0x000001b74a47d5a0 JavaThread "Attach Listener" daemon [_thread_blocked, id=4816, stack(0x00000079e8a00000,0x00000079e8b00000)]
  0x000001b74a47e900 JavaThread "Service Thread" daemon [_thread_blocked, id=5296, stack(0x00000079e8b00000,0x00000079e8c00000)]
  0x000001b74a483ab0 JavaThread "Monitor Deflation Thread" daemon [_thread_blocked, id=7496, stack(0x00000079e8c00000,0x00000079e8d00000)]
  0x000001b74a486690 JavaThread "C2 CompilerThread0" daemon [_thread_blocked, id=10892, stack(0x00000079e8d00000,0x00000079e8e00000)]
  0x000001b74a488750 JavaThread "C1 CompilerThread0" daemon [_thread_blocked, id=5228, stack(0x00000079e8e00000,0x00000079e8f00000)]
  0x000001b74a489fe0 JavaThread "Sweeper thread" daemon [_thread_blocked, id=2628, stack(0x00000079e8f00000,0x00000079e9000000)]
  0x000001b74a53e5c0 JavaThread "Common-Cleaner" daemon [_thread_blocked, id=7948, stack(0x00000079e9000000,0x00000079e9100000)]
  0x000001b74a9b2bd0 JavaThread "Monitor Ctrl-Break" daemon [_thread_in_native, id=5084, stack(0x00000079e9200000,0x00000079e9300000)]
  0x000001b74a918cf0 JavaThread "Notification Thread" daemon [_thread_blocked, id=5672, stack(0x00000079e9300000,0x00000079e9400000)]
  0x000001b79043be70 JavaThread "Catalina-utility-1" [_thread_blocked, id=10536, stack(0x00000079e9b00000,0x00000079e9c00000)]
  0x000001b79043a520 JavaThread "Catalina-utility-2" [_thread_blocked, id=9952, stack(0x00000079e9c00000,0x00000079e9d00000)]
  0x000001b79043aa30 JavaThread "container-0" [_thread_blocked, id=9592, stack(0x00000079e9d00000,0x00000079e9e00000)]
  0x000001b790439b00 JavaThread "File Watcher" daemon [_thread_blocked, id=4808, stack(0x00000079e9e00000,0x00000079e9f00000)]
  0x000001b79043b450 JavaThread "Live Reload Server" daemon [_thread_in_native, id=7708, stack(0x00000079ea000000,0x00000079ea100000)]
  0x000001b79043af40 JavaThread "http-nio-8080-exec-1" daemon [_thread_blocked, id=1496, stack(0x00000079e9f00000,0x00000079ea000000)]
  0x000001b79043c890 JavaThread "http-nio-8080-exec-2" daemon [_thread_blocked, id=10332, stack(0x00000079ea100000,0x00000079ea200000)]
  0x000001b790e32580 JavaThread "http-nio-8080-exec-3" daemon [_thread_blocked, id=4772, stack(0x00000079ea200000,0x00000079ea300000)]
  0x000001b790e2f7f0 JavaThread "http-nio-8080-exec-4" daemon [_thread_blocked, id=9864, stack(0x00000079ea300000,0x00000079ea400000)]
  0x000001b790e2e3b0 JavaThread "http-nio-8080-exec-5" daemon [_thread_blocked, id=8020, stack(0x00000079ea400000,0x00000079ea500000)]
  0x000001b790e30c30 JavaThread "http-nio-8080-exec-6" daemon [_thread_blocked, id=10504, stack(0x00000079ea500000,0x00000079ea600000)]
  0x000001b790e30210 JavaThread "http-nio-8080-exec-7" daemon [_thread_blocked, id=10868, stack(0x00000079ea600000,0x00000079ea700000)]
  0x000001b790e31140 JavaThread "http-nio-8080-exec-8" daemon [_thread_blocked, id=5308, stack(0x00000079ea700000,0x00000079ea800000)]
  0x000001b790e32070 JavaThread "http-nio-8080-exec-9" daemon [_thread_blocked, id=7724, stack(0x00000079ea800000,0x00000079ea900000)]
  0x000001b790e2e8c0 JavaThread "http-nio-8080-exec-10" daemon [_thread_blocked, id=6360, stack(0x00000079ea900000,0x00000079eaa00000)]
  0x000001b790e30720 JavaThread "http-nio-8080-Poller" daemon [_thread_in_native, id=10228, stack(0x00000079eaa00000,0x00000079eab00000)]
  0x000001b790e31b60 JavaThread "http-nio-8080-Acceptor" daemon [_thread_in_native, id=6320, stack(0x00000079eab00000,0x00000079eac00000)]
  0x000001b790e2edd0 JavaThread "DestroyJavaVM" [_thread_blocked, id=9032, stack(0x00000079e8000000,0x00000079e8100000)]
=>0x000001b74a976350 JavaThread "C2 CompilerThread1" daemon [_thread_in_native, id=4440, stack(0x00000079e9100000,0x00000079e9200000)]

Other Threads:
  0x000001b74a463660 VMThread "VM Thread" [stack: 0x00000079e8600000,0x00000079e8700000] [id=10900]
  0x000001b74a9b30b0 WatcherThread [stack: 0x00000079e9400000,0x00000079e9500000] [id=652]
  0x000001b72c6e6c90 GCTaskThread "GC Thread#0" [stack: 0x00000079e8100000,0x00000079e8200000] [id=2192]
  0x000001b7901cfcf0 GCTaskThread "GC Thread#1" [stack: 0x00000079e9500000,0x00000079e9600000] [id=1460]
  0x000001b790417080 GCTaskThread "GC Thread#2" [stack: 0x00000079e9600000,0x00000079e9700000] [id=6208]
  0x000001b790457890 GCTaskThread "GC Thread#3" [stack: 0x00000079e9700000,0x00000079e9800000] [id=7192]
  0x000001b72c6f1960 ConcurrentGCThread "G1 Main Marker" [stack: 0x00000079e8200000,0x00000079e8300000] [id=6640]
  0x000001b72c6f2380 ConcurrentGCThread "G1 Conc#0" [stack: 0x00000079e8300000,0x00000079e8400000] [id=9892]
  0x000001b72c740600 ConcurrentGCThread "G1 Refine#0" [stack: 0x00000079e8400000,0x00000079e8500000] [id=3888]
  0x000001b7908fa2a0 ConcurrentGCThread "G1 Refine#1" [stack: 0x00000079e9800000,0x00000079e9900000] [id=236]
  0x000001b72c741030 ConcurrentGCThread "G1 Service" [stack: 0x00000079e8500000,0x00000079e8600000] [id=1972]

Threads with active compile tasks:
C2 CompilerThread1    18113 3893   !   4       jdk.internal.loader.BuiltinClassLoader::findClassOnClassPathOrNull (64 bytes)

VM state: not at safepoint (normal execution)

VM Mutex/Monitor currently owned by a thread: None

Heap address: 0x00000000b1400000, size: 1260 MB, Compressed Oops mode: 32-bit

CDS archive(s) mapped at: [0x000001b74b000000-0x000001b74bbb0000-0x000001b74bbb0000), size 12255232, SharedBaseAddress: 0x000001b74b000000, ArchiveRelocationMode: 1.
Compressed class space mapped at: 0x000001b74c000000-0x000001b78c000000, reserved size: 1073741824
Narrow klass base: 0x000001b74b000000, Narrow klass shift: 0, Narrow klass range: 0x100000000

GC Precious Log:
 CPUs: 4 total, 4 available
 Memory: 5036M
 Large Page Support: Disabled
 NUMA Support: Disabled
 Compressed Oops: Enabled (32-bit)
 Heap Region Size: 1M
 Heap Min Capacity: 8M
 Heap Initial Capacity: 80M
 Heap Max Capacity: 1260M
 Pre-touch: Disabled
 Parallel Workers: 4
 Concurrent Workers: 1
 Concurrent Refinement Workers: 4
 Periodic GC: Disabled

Heap:
 garbage-first heap   total 49152K, used 30001K [0x00000000b1400000, 0x0000000100000000)
  region size 1024K, 18 young (18432K), 2 survivors (2048K)
 Metaspace       used 34417K, committed 34688K, reserved 1114112K
  class space    used 4415K, committed 4544K, reserved 1048576K

Heap Regions: E=young(eden), S=young(survivor), O=old, HS=humongous(starts), HC=humongous(continues), CS=collection set, F=free, OA=open archive, CA=closed archive, TAMS=top-at-mark-start (previous, next)
|   0|0x00000000b1400000, 0x00000000b1500000, 0x00000000b1500000|100%| O|  |TAMS 0x00000000b1500000, 0x00000000b1400000| Untracked 
|   1|0x00000000b1500000, 0x00000000b1600000, 0x00000000b1600000|100%| O|  |TAMS 0x00000000b1600000, 0x00000000b1500000| Untracked 
|   2|0x00000000b1600000, 0x00000000b1700000, 0x00000000b1700000|100%| O|  |TAMS 0x00000000b1700000, 0x00000000b1600000| Untracked 
|   3|0x00000000b1700000, 0x00000000b1800000, 0x00000000b1800000|100%| O|  |TAMS 0x00000000b1800000, 0x00000000b1700000| Untracked 
|   4|0x00000000b1800000, 0x00000000b1865e00, 0x00000000b1900000| 39%| O|  |TAMS 0x00000000b1865e00, 0x00000000b1800000| Untracked 
|   5|0x00000000b1900000, 0x00000000b1a00000, 0x00000000b1a00000|100%| O|  |TAMS 0x00000000b1900000, 0x00000000b1900000| Untracked 
|   6|0x00000000b1a00000, 0x00000000b1b00000, 0x00000000b1b00000|100%| O|  |TAMS 0x00000000b1a00000, 0x00000000b1a00000| Untracked 
|   7|0x00000000b1b00000, 0x00000000b1c00000, 0x00000000b1c00000|100%| O|  |TAMS 0x00000000b1b00000, 0x00000000b1b00000| Untracked 
|   8|0x00000000b1c00000, 0x00000000b1d00000, 0x00000000b1d00000|100%| O|  |TAMS 0x00000000b1c00000, 0x00000000b1c00000| Untracked 
|   9|0x00000000b1d00000, 0x00000000b1e00000, 0x00000000b1e00000|100%| O|  |TAMS 0x00000000b1d00000, 0x00000000b1d00000| Untracked 
|  10|0x00000000b1e00000, 0x00000000b1f00000, 0x00000000b1f00000|100%| O|  |TAMS 0x00000000b1e00000, 0x00000000b1e00000| Untracked 
|  11|0x00000000b1f00000, 0x00000000b2000000, 0x00000000b2000000|100%| O|  |TAMS 0x00000000b1f00000, 0x00000000b1f00000| Untracked 
|  12|0x00000000b2000000, 0x00000000b2100000, 0x00000000b2100000|100%| O|  |TAMS 0x00000000b2000000, 0x00000000b2000000| Untracked 
|  13|0x00000000b2100000, 0x00000000b2200000, 0x00000000b2200000|100%| O|  |TAMS 0x00000000b2100000, 0x00000000b2100000| Untracked 
|  14|0x00000000b2200000, 0x00000000b2282200, 0x00000000b2300000| 50%| O|  |TAMS 0x00000000b2200000, 0x00000000b2200000| Untracked 
|  15|0x00000000b2300000, 0x00000000b2300000, 0x00000000b2400000|  0%| F|  |TAMS 0x00000000b2300000, 0x00000000b2300000| Untracked 
|  16|0x00000000b2400000, 0x00000000b2400000, 0x00000000b2500000|  0%| F|  |TAMS 0x00000000b2400000, 0x00000000b2400000| Untracked 
|  17|0x00000000b2500000, 0x00000000b2500000, 0x00000000b2600000|  0%| F|  |TAMS 0x00000000b2500000, 0x00000000b2500000| Untracked 
|  18|0x00000000b2600000, 0x00000000b2600000, 0x00000000b2700000|  0%| F|  |TAMS 0x00000000b2600000, 0x00000000b2600000| Untracked 
|  19|0x00000000b2700000, 0x00000000b2700000, 0x00000000b2800000|  0%| F|  |TAMS 0x00000000b2700000, 0x00000000b2700000| Untracked 
|  20|0x00000000b2800000, 0x00000000b2800000, 0x00000000b2900000|  0%| F|  |TAMS 0x00000000b2800000, 0x00000000b2800000| Untracked 
|  21|0x00000000b2900000, 0x00000000b2900000, 0x00000000b2a00000|  0%| F|  |TAMS 0x00000000b2900000, 0x00000000b2900000| Untracked 
|  22|0x00000000b2a00000, 0x00000000b2a64660, 0x00000000b2b00000| 39%| S|CS|TAMS 0x00000000b2a00000, 0x00000000b2a00000| Complete 
|  23|0x00000000b2b00000, 0x00000000b2b00000, 0x00000000b2c00000|  0%| F|  |TAMS 0x00000000b2b00000, 0x00000000b2b00000| Untracked 
|  24|0x00000000b2c00000, 0x00000000b2c00000, 0x00000000b2d00000|  0%| F|  |TAMS 0x00000000b2c00000, 0x00000000b2c00000| Untracked 
|  25|0x00000000b2d00000, 0x00000000b2e00000, 0x00000000b2e00000|100%| S|CS|TAMS 0x00000000b2d00000, 0x00000000b2d00000| Complete 
|  26|0x00000000b2e00000, 0x00000000b2e00000, 0x00000000b2f00000|  0%| F|  |TAMS 0x00000000b2e00000, 0x00000000b2e00000| Untracked 
|  27|0x00000000b2f00000, 0x00000000b2f00000, 0x00000000b3000000|  0%| F|  |TAMS 0x00000000b2f00000, 0x00000000b2f00000| Untracked 
|  28|0x00000000b3000000, 0x00000000b3000000, 0x00000000b3100000|  0%| F|  |TAMS 0x00000000b3000000, 0x00000000b3000000| Untracked 
|  29|0x00000000b3100000, 0x00000000b3100000, 0x00000000b3200000|  0%| F|  |TAMS 0x00000000b3100000, 0x00000000b3100000| Untracked 
|  30|0x00000000b3200000, 0x00000000b3200000, 0x00000000b3300000|  0%| F|  |TAMS 0x00000000b3200000, 0x00000000b3200000| Untracked 
|  31|0x00000000b3300000, 0x00000000b3300000, 0x00000000b3400000|  0%| F|  |TAMS 0x00000000b3300000, 0x00000000b3300000| Untracked 
|  32|0x00000000b3400000, 0x00000000b3420f00, 0x00000000b3500000| 12%| E|  |TAMS 0x00000000b3400000, 0x00000000b3400000| Complete 
|  33|0x00000000b3500000, 0x00000000b3600000, 0x00000000b3600000|100%| E|CS|TAMS 0x00000000b3500000, 0x00000000b3500000| Complete 
|  34|0x00000000b3600000, 0x00000000b3700000, 0x00000000b3700000|100%| E|CS|TAMS 0x00000000b3600000, 0x00000000b3600000| Complete 
|  35|0x00000000b3700000, 0x00000000b3800000, 0x00000000b3800000|100%| E|CS|TAMS 0x00000000b3700000, 0x00000000b3700000| Complete 
|  36|0x00000000b3800000, 0x00000000b3900000, 0x00000000b3900000|100%| E|CS|TAMS 0x00000000b3800000, 0x00000000b3800000| Complete 
|  37|0x00000000b3900000, 0x00000000b3a00000, 0x00000000b3a00000|100%| E|  |TAMS 0x00000000b3900000, 0x00000000b3900000| Complete 
|  38|0x00000000b3a00000, 0x00000000b3b00000, 0x00000000b3b00000|100%| E|CS|TAMS 0x00000000b3a00000, 0x00000000b3a00000| Complete 
|  39|0x00000000b3b00000, 0x00000000b3c00000, 0x00000000b3c00000|100%| E|CS|TAMS 0x00000000b3b00000, 0x00000000b3b00000| Complete 
|  40|0x00000000b3c00000, 0x00000000b3d00000, 0x00000000b3d00000|100%| E|CS|TAMS 0x00000000b3c00000, 0x00000000b3c00000| Complete 
|  41|0x00000000b3d00000, 0x00000000b3e00000, 0x00000000b3e00000|100%| E|CS|TAMS 0x00000000b3d00000, 0x00000000b3d00000| Complete 
|  42|0x00000000b3e00000, 0x00000000b3f00000, 0x00000000b3f00000|100%| E|CS|TAMS 0x00000000b3e00000, 0x00000000b3e00000| Complete 
|  43|0x00000000b3f00000, 0x00000000b4000000, 0x00000000b4000000|100%| E|CS|TAMS 0x00000000b3f00000, 0x00000000b3f00000| Complete 
|  44|0x00000000b4000000, 0x00000000b4100000, 0x00000000b4100000|100%| E|CS|TAMS 0x00000000b4000000, 0x00000000b4000000| Complete 
|  45|0x00000000b4100000, 0x00000000b4200000, 0x00000000b4200000|100%| E|CS|TAMS 0x00000000b4100000, 0x00000000b4100000| Complete 
|  46|0x00000000b4200000, 0x00000000b4300000, 0x00000000b4300000|100%| E|CS|TAMS 0x00000000b4200000, 0x00000000b4200000| Complete 
|  79|0x00000000b6300000, 0x00000000b6400000, 0x00000000b6400000|100%| E|CS|TAMS 0x00000000b6300000, 0x00000000b6300000| Complete 

Card table byte_map: [0x000001b745240000,0x000001b7454c0000] _byte_map_base: 0x000001b744cb6000

Marking Bits (Prev, Next): (CMBitMap*) 0x000001b72c6e72f0, (CMBitMap*) 0x000001b72c6e72b0
 Prev Bits: [0x000001b746af0000, 0x000001b747ea0000)
 Next Bits: [0x000001b745740000, 0x000001b746af0000)

Polling page: 0x000001b735970000

Metaspace:

Usage:
  Non-class:     29.30 MB used.
      Class:      4.31 MB used.
       Both:     33.61 MB used.

Virtual space:
  Non-class space:       64.00 MB reserved,      29.44 MB ( 46%) committed,  1 nodes.
      Class space:        1.00 GB reserved,       4.44 MB ( <1%) committed,  1 nodes.
             Both:        1.06 GB reserved,      33.88 MB (  3%) committed. 

Chunk freelists:
   Non-Class:  2.25 MB
       Class:  11.58 MB
        Both:  13.83 MB

MaxMetaspaceSize: unlimited
CompressedClassSpaceSize: 1.00 GB
Initial GC threshold: 21.00 MB
Current GC threshold: 35.12 MB
CDS: on
MetaspaceReclaimPolicy: balanced
 - commit_granule_bytes: 65536.
 - commit_granule_words: 8192.
 - virtual_space_node_default_size: 8388608.
 - enlarge_chunks_in_place: 1.
 - new_chunks_are_fully_committed: 0.
 - uncommit_free_chunks: 1.
 - use_allocation_guard: 0.
 - handle_deallocations: 1.


Internal statistics:

num_allocs_failed_limit: 3.
num_arena_births: 338.
num_arena_deaths: 0.
num_vsnodes_births: 2.
num_vsnodes_deaths: 0.
num_space_committed: 542.
num_space_uncommitted: 0.
num_chunks_returned_to_freelist: 3.
num_chunks_taken_from_freelist: 1548.
num_chunk_merges: 3.
num_chunk_splits: 1073.
num_chunks_enlarged: 826.
num_inconsistent_stats: 0.

CodeHeap 'non-profiled nmethods': size=120000Kb used=2007Kb max_used=2007Kb free=117992Kb
 bounds [0x000001b73d460000, 0x000001b73d6d0000, 0x000001b744990000]
CodeHeap 'profiled nmethods': size=120000Kb used=8370Kb max_used=8370Kb free=111629Kb
 bounds [0x000001b735990000, 0x000001b7361c0000, 0x000001b73cec0000]
CodeHeap 'non-nmethods': size=5760Kb used=1236Kb max_used=1264Kb free=4524Kb
 bounds [0x000001b73cec0000, 0x000001b73d130000, 0x000001b73d460000]
 total_blobs=4439 nmethods=3898 adapters=453
 compilation: enabled
              stopped_count=0, restarted_count=0
 full_count=0

Compilation events (20 events):
Event: 17.618 Thread 0x000001b74a488750 3895       3       org.springframework.boot.context.properties.source.ConfigurationPropertyName::buildToString (138 bytes)
Event: 17.621 Thread 0x000001b74a488750 nmethod 3895 0x000001b7361b8010 code [0x000001b7361b8300, 0x000001b7361b9018]
Event: 17.628 Thread 0x000001b74a486690 3896       4       java.lang.StringBuilder::<init> (6 bytes)
Event: 17.636 Thread 0x000001b74a486690 nmethod 3896 0x000001b73d655a90 code [0x000001b73d655c20, 0x000001b73d655e58]
Event: 17.653 Thread 0x000001b74a488750 3897       3       org.apache.catalina.loader.WebappClassLoaderBase::binaryNameToPath (52 bytes)
Event: 17.655 Thread 0x000001b74a488750 nmethod 3897 0x000001b7361b9590 code [0x000001b7361b97e0, 0x000001b7361b9f68]
Event: 17.659 Thread 0x000001b74a488750 3898       3       java.util.LinkedHashMap::entrySet (27 bytes)
Event: 17.660 Thread 0x000001b74a488750 nmethod 3898 0x000001b7361ba290 code [0x000001b7361ba460, 0x000001b7361ba878]
Event: 17.675 Thread 0x000001b74a488750 3899       3       org.apache.tomcat.util.buf.AbstractChunk::getLength (10 bytes)
Event: 17.675 Thread 0x000001b74a488750 nmethod 3899 0x000001b7361baa10 code [0x000001b7361baba0, 0x000001b7361bacb8]
Event: 17.675 Thread 0x000001b74a488750 3900       3       java.lang.ThreadLocal::get (38 bytes)
Event: 17.676 Thread 0x000001b74a488750 nmethod 3900 0x000001b7361bad90 code [0x000001b7361baf60, 0x000001b7361bb268]
Event: 17.676 Thread 0x000001b74a488750 3901       3       java.nio.StringCharBuffer::get (19 bytes)
Event: 17.677 Thread 0x000001b74a488750 nmethod 3901 0x000001b7361bb390 code [0x000001b7361bb560, 0x000001b7361bb8d8]
Event: 17.680 Thread 0x000001b74a488750 3902       3       jdk.internal.misc.Unsafe::checkOffset (32 bytes)
Event: 17.681 Thread 0x000001b74a488750 nmethod 3902 0x000001b7361bba10 code [0x000001b7361bbbc0, 0x000001b7361bbe48]
Event: 17.682 Thread 0x000001b74a488750 3903       3       org.apache.tomcat.util.buf.AbstractChunk::recycle (21 bytes)
Event: 17.682 Thread 0x000001b74a488750 nmethod 3903 0x000001b7361bbf90 code [0x000001b7361bc120, 0x000001b7361bc238]
Event: 17.682 Thread 0x000001b74a488750 3904       3       java.util.HashMap::clear (50 bytes)
Event: 17.683 Thread 0x000001b74a488750 nmethod 3904 0x000001b7361bc310 code [0x000001b7361bc4c0, 0x000001b7361bc898]

GC Heap History (14 events):
Event: 0.998 GC heap before
{Heap before GC invocations=0 (full 0):
 garbage-first heap   total 81920K, used 13312K [0x00000000b1400000, 0x0000000100000000)
  region size 1024K, 13 young (13312K), 0 survivors (0K)
 Metaspace       used 3947K, committed 4096K, reserved 1114112K
  class space    used 415K, committed 512K, reserved 1048576K
}
Event: 1.008 GC heap after
{Heap after GC invocations=1 (full 0):
 garbage-first heap   total 81920K, used 4160K [0x00000000b1400000, 0x0000000100000000)
  region size 1024K, 2 young (2048K), 2 survivors (2048K)
 Metaspace       used 3947K, committed 4096K, reserved 1114112K
  class space    used 415K, committed 512K, reserved 1048576K
}
Event: 1.478 GC heap before
{Heap before GC invocations=1 (full 0):
 garbage-first heap   total 81920K, used 14400K [0x00000000b1400000, 0x0000000100000000)
  region size 1024K, 12 young (12288K), 2 survivors (2048K)
 Metaspace       used 6830K, committed 7040K, reserved 1114112K
  class space    used 792K, committed 896K, reserved 1048576K
}
Event: 1.483 GC heap after
{Heap after GC invocations=2 (full 0):
 garbage-first heap   total 81920K, used 5890K [0x00000000b1400000, 0x0000000100000000)
  region size 1024K, 2 young (2048K), 2 survivors (2048K)
 Metaspace       used 6830K, committed 7040K, reserved 1114112K
  class space    used 792K, committed 896K, reserved 1048576K
}
Event: 2.199 GC heap before
{Heap before GC invocations=2 (full 0):
 garbage-first heap   total 81920K, used 27394K [0x00000000b1400000, 0x0000000100000000)
  region size 1024K, 24 young (24576K), 2 survivors (2048K)
 Metaspace       used 12607K, committed 12800K, reserved 1114112K
  class space    used 1671K, committed 1728K, reserved 1048576K
}
Event: 2.209 GC heap after
{Heap after GC invocations=3 (full 0):
 garbage-first heap   total 81920K, used 7490K [0x00000000b1400000, 0x0000000100000000)
  region size 1024K, 3 young (3072K), 3 survivors (3072K)
 Metaspace       used 12607K, committed 12800K, reserved 1114112K
  class space    used 1671K, committed 1728K, reserved 1048576K
}
Event: 3.724 GC heap before
{Heap before GC invocations=3 (full 0):
 garbage-first heap   total 81920K, used 51522K [0x00000000b1400000, 0x0000000100000000)
  region size 1024K, 48 young (49152K), 3 survivors (3072K)
 Metaspace       used 21280K, committed 21504K, reserved 1114112K
  class space    used 2707K, committed 2816K, reserved 1048576K
}
Event: 3.741 GC heap after
{Heap after GC invocations=4 (full 0):
 garbage-first heap   total 81920K, used 9867K [0x00000000b1400000, 0x0000000100000000)
  region size 1024K, 6 young (6144K), 6 survivors (6144K)
 Metaspace       used 21280K, committed 21504K, reserved 1114112K
  class space    used 2707K, committed 2816K, reserved 1048576K
}
Event: 4.840 GC heap before
{Heap before GC invocations=5 (full 0):
 garbage-first heap   total 40960K, used 28299K [0x00000000b1400000, 0x0000000100000000)
  region size 1024K, 24 young (24576K), 6 survivors (6144K)
 Metaspace       used 25805K, committed 26048K, reserved 1114112K
  class space    used 3322K, committed 3456K, reserved 1048576K
}
Event: 4.854 GC heap after
{Heap after GC invocations=6 (full 0):
 garbage-first heap   total 40960K, used 12535K [0x00000000b1400000, 0x0000000100000000)
  region size 1024K, 3 young (3072K), 3 survivors (3072K)
 Metaspace       used 25805K, committed 26048K, reserved 1114112K
  class space    used 3322K, committed 3456K, reserved 1048576K
}
Event: 5.605 GC heap before
{Heap before GC invocations=6 (full 0):
 garbage-first heap   total 40960K, used 26871K [0x00000000b1400000, 0x0000000100000000)
  region size 1024K, 18 young (18432K), 3 survivors (3072K)
 Metaspace       used 28222K, committed 28544K, reserved 1114112K
  class space    used 3624K, committed 3776K, reserved 1048576K
}
Event: 5.613 GC heap after
{Heap after GC invocations=7 (full 0):
 garbage-first heap   total 40960K, used 14423K [0x00000000b1400000, 0x0000000100000000)
  region size 1024K, 2 young (2048K), 2 survivors (2048K)
 Metaspace       used 28222K, committed 28544K, reserved 1114112K
  class space    used 3624K, committed 3776K, reserved 1048576K
}
Event: 16.432 GC heap before
{Heap before GC invocations=7 (full 0):
 garbage-first heap   total 40960K, used 28759K [0x00000000b1400000, 0x0000000100000000)
  region size 1024K, 16 young (16384K), 2 survivors (2048K)
 Metaspace       used 31246K, committed 31552K, reserved 1114112K
  class space    used 4009K, committed 4160K, reserved 1048576K
}
Event: 16.445 GC heap after
{Heap after GC invocations=8 (full 0):
 garbage-first heap   total 49152K, used 15665K [0x00000000b1400000, 0x0000000100000000)
  region size 1024K, 2 young (2048K), 2 survivors (2048K)
 Metaspace       used 31246K, committed 31552K, reserved 1114112K
  class space    used 4009K, committed 4160K, reserved 1048576K
}

Dll operation events (14 events):
Event: 0.026 Loaded shared library C:\Program Files\Amazon Corretto\jdk17.0.10_7\bin\java.dll
Event: 0.058 Loaded shared library C:\Program Files\Amazon Corretto\jdk17.0.10_7\bin\jsvml.dll
Event: 0.189 Loaded shared library C:\Program Files\Amazon Corretto\jdk17.0.10_7\bin\zip.dll
Event: 0.193 Loaded shared library C:\Program Files\Amazon Corretto\jdk17.0.10_7\bin\instrument.dll
Event: 0.202 Loaded shared library C:\Program Files\Amazon Corretto\jdk17.0.10_7\bin\net.dll
Event: 0.205 Loaded shared library C:\Program Files\Amazon Corretto\jdk17.0.10_7\bin\nio.dll
Event: 0.209 Loaded shared library C:\Program Files\Amazon Corretto\jdk17.0.10_7\bin\zip.dll
Event: 0.314 Loaded shared library C:\Program Files\JetBrains\IntelliJ IDEA Community Edition 2023.3.4\bin\breakgen64.dll
Event: 0.335 Loaded shared library C:\Program Files\Amazon Corretto\jdk17.0.10_7\bin\extnet.dll
Event: 0.361 Loaded shared library C:\Program Files\Amazon Corretto\jdk17.0.10_7\bin\verify.dll
Event: 0.374 Loaded shared library C:\Program Files\Amazon Corretto\jdk17.0.10_7\bin\jimage.dll
Event: 1.036 Loaded shared library C:\Program Files\Amazon Corretto\jdk17.0.10_7\bin\management.dll
Event: 1.042 Loaded shared library C:\Program Files\Amazon Corretto\jdk17.0.10_7\bin\management_ext.dll
Event: 4.815 Loaded shared library C:\Program Files\Amazon Corretto\jdk17.0.10_7\bin\sunmscapi.dll

Deoptimization events (20 events):
Event: 17.140 Thread 0x000001b79043af40 DEOPT PACKING pc=0x000001b736199bdb sp=0x00000079e9ffbc10
Event: 17.140 Thread 0x000001b79043af40 DEOPT UNPACKING pc=0x000001b73cf17143 sp=0x00000079e9ffb0a0 mode 0
Event: 17.141 Thread 0x000001b79043af40 DEOPT PACKING pc=0x000001b736199bdb sp=0x00000079e9ffbc10
Event: 17.141 Thread 0x000001b79043af40 DEOPT UNPACKING pc=0x000001b73cf17143 sp=0x00000079e9ffb0a0 mode 0
Event: 17.222 Thread 0x000001b79043af40 Uncommon trap: trap_request=0xffffff6e fr.pc=0x000001b73d640cc4 relative=0x0000000000000484
Event: 17.222 Thread 0x000001b79043af40 Uncommon trap: reason=loop_limit_check action=maybe_recompile pc=0x000001b73d640cc4 method=org.attoparser.util.TextUtil.compareTo(Z[CII[CII)I @ 65 c2
Event: 17.222 Thread 0x000001b79043af40 DEOPT PACKING pc=0x000001b73d640cc4 sp=0x00000079e9ffd0a0
Event: 17.222 Thread 0x000001b79043af40 DEOPT UNPACKING pc=0x000001b73cf169a3 sp=0x00000079e9ffd050 mode 2
Event: 17.234 Thread 0x000001b79043af40 Uncommon trap: trap_request=0xffffff45 fr.pc=0x000001b73d632f3c relative=0x00000000000003dc
Event: 17.234 Thread 0x000001b79043af40 Uncommon trap: reason=unstable_if action=reinterpret pc=0x000001b73d632f3c method=org.thymeleaf.util.ProcessorComparators$ProcessorPrecedenceComparator.compare(Lorg/thymeleaf/processor/IProcessor;Lorg/thymeleaf/processor/IProcessor;)I @ 2 c2
Event: 17.234 Thread 0x000001b79043af40 DEOPT PACKING pc=0x000001b73d632f3c sp=0x00000079e9ffcc30
Event: 17.234 Thread 0x000001b79043af40 DEOPT UNPACKING pc=0x000001b73cf169a3 sp=0x00000079e9ffcb40 mode 2
Event: 17.441 Thread 0x000001b79043af40 Uncommon trap: trap_request=0xffffff45 fr.pc=0x000001b73d5cc6a4 relative=0x0000000000000524
Event: 17.441 Thread 0x000001b79043af40 Uncommon trap: reason=unstable_if action=reinterpret pc=0x000001b73d5cc6a4 method=java.util.Properties.load0(Ljava/util/Properties$LineReader;)V @ 79 c2
Event: 17.441 Thread 0x000001b79043af40 DEOPT PACKING pc=0x000001b73d5cc6a4 sp=0x00000079e9ffcf70
Event: 17.441 Thread 0x000001b79043af40 DEOPT UNPACKING pc=0x000001b73cf169a3 sp=0x00000079e9ffcf18 mode 2
Event: 17.570 Thread 0x000001b79043c890 Uncommon trap: trap_request=0xffffff45 fr.pc=0x000001b73d634450 relative=0x0000000000000470
Event: 17.570 Thread 0x000001b79043c890 Uncommon trap: reason=unstable_if action=reinterpret pc=0x000001b73d634450 method=org.thymeleaf.util.ProcessorComparators$ProcessorPrecedenceComparator.compare(Lorg/thymeleaf/processor/IProcessor;Lorg/thymeleaf/processor/IProcessor;)I @ 2 c2
Event: 17.570 Thread 0x000001b79043c890 DEOPT PACKING pc=0x000001b73d634450 sp=0x00000079ea1fcd40
Event: 17.570 Thread 0x000001b79043c890 DEOPT UNPACKING pc=0x000001b73cf169a3 sp=0x00000079ea1fccd8 mode 2

Classes unloaded (0 events):
No events

Classes redefined (0 events):
No events

Internal exceptions (20 events):
Event: 5.388 Thread 0x000001b790878d90 Exception <a 'java/lang/ClassNotFoundException'{0x00000000b310e4b0}: java/lang/ObjectCustomizer> (0x00000000b310e4b0) 
thrown [s\src\hotspot\share\classfile\systemDictionary.cpp, line 256]
Event: 5.389 Thread 0x000001b790878d90 Exception <a 'java/lang/ClassNotFoundException'{0x00000000b3115658}: org/springframework/web/servlet/config/annotation/WebMvcConfigurationSupportCustomizer> (0x00000000b3115658) 
thrown [s\src\hotspot\share\classfile\systemDictionary.cpp, line 256]
Event: 5.391 Thread 0x000001b790878d90 Exception <a 'java/lang/ClassNotFoundException'{0x00000000b3128bb0}: org/springframework/web/servlet/config/annotation/DelegatingWebMvcConfigurationCustomizer> (0x00000000b3128bb0) 
thrown [s\src\hotspot\share\classfile\systemDictionary.cpp, line 256]
Event: 5.392 Thread 0x000001b790878d90 Exception <a 'java/lang/ClassNotFoundException'{0x00000000b3131848}: org/springframework/boot/autoconfigure/web/servlet/WebMvcAutoConfiguration$EnableWebMvcConfigurationCustomizer> (0x00000000b3131848) 
thrown [s\src\hotspot\share\classfile\systemDictionary.cpp, line 256]
Event: 5.396 Thread 0x000001b790878d90 Exception <a 'java/lang/ClassNotFoundException'{0x00000000b3144378}: org/springframework/context/ResourceLoaderAwareCustomizer> (0x00000000b3144378) 
thrown [s\src\hotspot\share\classfile\systemDictionary.cpp, line 256]
Event: 5.398 Thread 0x000001b790878d90 Exception <a 'java/lang/ClassNotFoundException'{0x00000000b3148838}: org/springframework/beans/factory/AwareCustomizer> (0x00000000b3148838) 
thrown [s\src\hotspot\share\classfile\systemDictionary.cpp, line 256]
Event: 5.399 Thread 0x000001b790878d90 Exception <a 'java/lang/ClassNotFoundException'{0x00000000b314c0e8}: org/springframework/context/ApplicationContextAwareCustomizer> (0x00000000b314c0e8) 
thrown [s\src\hotspot\share\classfile\systemDictionary.cpp, line 256]
Event: 5.400 Thread 0x000001b790878d90 Exception <a 'java/lang/ClassNotFoundException'{0x00000000b31510a8}: org/springframework/beans/factory/AwareCustomizer> (0x00000000b31510a8) 
thrown [s\src\hotspot\share\classfile\systemDictionary.cpp, line 256]
Event: 5.400 Thread 0x000001b790878d90 Exception <a 'java/lang/ClassNotFoundException'{0x00000000b3154930}: org/springframework/web/context/ServletContextAwareCustomizer> (0x00000000b3154930) 
thrown [s\src\hotspot\share\classfile\systemDictionary.cpp, line 256]
Event: 5.401 Thread 0x000001b790878d90 Exception <a 'java/lang/ClassNotFoundException'{0x00000000b3159228}: org/springframework/beans/factory/AwareCustomizer> (0x00000000b3159228) 
thrown [s\src\hotspot\share\classfile\systemDictionary.cpp, line 256]
Event: 5.589 Thread 0x000001b790878d90 Exception <a 'java/lang/NoSuchMethodError'{0x00000000b2d79948}: 'void java.lang.invoke.DirectMethodHandle$Holder.invokeVirtual(java.lang.Object, java.lang.Object, int)'> (0x00000000b2d79948) 
thrown [s\src\hotspot\share\interpreter\linkResolver.cpp, line 759]
Event: 5.592 Thread 0x000001b790878d90 Exception <a 'java/lang/NoSuchMethodError'{0x00000000b2d942a8}: 'void java.lang.invoke.DirectMethodHandle$Holder.invokeVirtual(java.lang.Object, java.lang.Object, long)'> (0x00000000b2d942a8) 
thrown [s\src\hotspot\share\interpreter\linkResolver.cpp, line 759]
Event: 5.807 Thread 0x000001b790878d90 Exception <a 'java/lang/IncompatibleClassChangeError'{0x00000000b3731c58}: Found class java.lang.Object, but interface was expected> (0x00000000b3731c58) 
thrown [s\src\hotspot\share\interpreter\linkResolver.cpp, line 826]
Event: 5.862 Thread 0x000001b790878d90 Exception <a 'java/lang/NoSuchMethodError'{0x00000000b36638f8}: 'int java.lang.invoke.DirectMethodHandle$Holder.invokeStaticInit(java.lang.Object, java.lang.Object, java.lang.Object, java.lang.Object)'> (0x00000000b36638f8) 
thrown [s\src\hotspot\share\interpreter\linkResolver.cpp, line 759]
Event: 6.030 Thread 0x000001b790878d90 Exception <a 'java/lang/NoSuchMethodError'{0x00000000b33df568}: 'java.lang.Object java.lang.invoke.DirectMethodHandle$Holder.newInvokeSpecial(java.lang.Object, java.lang.Object, int, java.lang.Object, java.lang.Object)'> (0x00000000b33df568) 
thrown [s\src\hotspot\share\interpreter\linkResolver.cpp, line 759]
Event: 6.034 Thread 0x000001b790878d90 Exception <a 'java/lang/NoSuchMethodError'{0x00000000b33eadb8}: 'java.lang.Object java.lang.invoke.DirectMethodHandle$Holder.invokeSpecial(java.lang.Object, java.lang.Object, int, java.lang.Object, int, java.lang.Object)'> (0x00000000b33eadb8) 
thrown [s\src\hotspot\share\interpreter\linkResolver.cpp, line 759]
Event: 6.037 Thread 0x000001b790878d90 Exception <a 'java/lang/NoSuchMethodError'{0x00000000b33f2e60}: 'java.lang.Object java.lang.invoke.DirectMethodHandle$Holder.newInvokeSpecial(java.lang.Object, java.lang.Object, int, java.lang.Object, int)'> (0x00000000b33f2e60) 
thrown [s\src\hotspot\share\interpreter\linkResolver.cpp, line 759]
Event: 6.038 Thread 0x000001b790878d90 Exception <a 'java/lang/NoSuchMethodError'{0x00000000b33f6f60}: 'java.lang.Object java.lang.invoke.DirectMethodHandle$Holder.invokeSpecial(java.lang.Object, java.lang.Object, java.lang.Object, int, java.lang.Object, int)'> (0x00000000b33f6f60) 
thrown [s\src\hotspot\share\interpreter\linkResolver.cpp, line 759]
Event: 6.044 Thread 0x000001b790878d90 Exception <a 'java/lang/NoSuchMethodError'{0x00000000b32014e0}: 'void java.lang.invoke.DirectMethodHandle$Holder.invokeVirtual(java.lang.Object, java.lang.Object)'> (0x00000000b32014e0) 
thrown [s\src\hotspot\share\interpreter\linkResolver.cpp, line 759]
Event: 17.355 Thread 0x000001b79043af40 Exception <a 'java/lang/NoClassDefFoundError'{0x00000000b3762950}: sun/reflect/Reflection> (0x00000000b3762950) 
thrown [s\src\hotspot\share\classfile\systemDictionary.cpp, line 245]

VM Operations (20 events):
Event: 7.822 Executing VM operation: Cleanup
Event: 7.822 Executing VM operation: Cleanup done
Event: 15.886 Executing VM operation: Cleanup
Event: 15.886 Executing VM operation: Cleanup done
Event: 16.387 Executing VM operation: HandshakeAllThreads
Event: 16.387 Executing VM operation: HandshakeAllThreads done
Event: 16.398 Executing VM operation: HandshakeAllThreads
Event: 16.398 Executing VM operation: HandshakeAllThreads done
Event: 16.432 Executing VM operation: G1CollectForAllocation
Event: 16.446 Executing VM operation: G1CollectForAllocation done
Event: 16.465 Executing VM operation: HandshakeAllThreads
Event: 16.465 Executing VM operation: HandshakeAllThreads done
Event: 16.505 Executing VM operation: HandshakeAllThreads
Event: 16.505 Executing VM operation: HandshakeAllThreads done
Event: 16.517 Executing VM operation: HandshakeAllThreads
Event: 16.517 Executing VM operation: HandshakeAllThreads done
Event: 17.457 Executing VM operation: HandshakeAllThreads
Event: 17.459 Executing VM operation: HandshakeAllThreads done
Event: 17.459 Executing VM operation: Cleanup
Event: 17.461 Executing VM operation: Cleanup done

Events (20 events):
Event: 16.379 loading class sun/nio/cs/ISO_8859_1$Decoder done
Event: 16.464 loading class java/lang/InheritableThreadLocal
Event: 16.464 loading class java/lang/InheritableThreadLocal done
Event: 16.519 loading class java/util/concurrent/CompletionStage
Event: 16.519 loading class java/util/concurrent/CompletionStage done
Event: 16.567 loading class java/util/concurrent/locks/ReentrantReadWriteLock$FairSync
Event: 16.567 loading class java/util/concurrent/locks/ReentrantReadWriteLock$FairSync done
Event: 16.715 loading class java/util/EnumMap$EntryIterator$Entry
Event: 16.715 loading class java/util/EnumMap$EntryIterator$Entry done
Event: 16.756 Thread 0x000001b74a976350 Thread added: 0x000001b74a976350
Event: 17.355 loading class sun/reflect/Reflection
Event: 17.355 loading class sun/reflect/Reflection done
Event: 17.361 loading class java/security/AllPermissionCollection
Event: 17.362 loading class java/security/AllPermissionCollection done
Event: 17.397 loading class java/lang/Throwable$WrappedPrintWriter
Event: 17.397 loading class java/lang/Throwable$PrintStreamOrWriter
Event: 17.397 loading class java/lang/Throwable$PrintStreamOrWriter done
Event: 17.397 loading class java/lang/Throwable$WrappedPrintWriter done
Event: 17.455 loading class java/nio/StringCharBuffer
Event: 17.456 loading class java/nio/StringCharBuffer done


Dynamic libraries:
0x00007ff6d32a0000 - 0x00007ff6d32ae000 	C:\Program Files\Amazon Corretto\jdk17.0.10_7\bin\java.exe
0x00007ffa17170000 - 0x00007ffa17368000 	C:\WINDOWS\SYSTEM32\ntdll.dll
0x00007ffa161b0000 - 0x00007ffa1626d000 	C:\WINDOWS\System32\KERNEL32.DLL
0x00007ffa14eb0000 - 0x00007ffa151a6000 	C:\WINDOWS\System32\KERNELBASE.dll
0x00007ffa14d00000 - 0x00007ffa14e00000 	C:\WINDOWS\System32\ucrtbase.dll
0x00007ffa10680000 - 0x00007ffa10697000 	C:\Program Files\Amazon Corretto\jdk17.0.10_7\bin\jli.dll
0x00007ffa16e80000 - 0x00007ffa1701e000 	C:\WINDOWS\System32\USER32.dll
0x00007ffa14cd0000 - 0x00007ffa14cf2000 	C:\WINDOWS\System32\win32u.dll
0x00007ffa16070000 - 0x00007ffa1609b000 	C:\WINDOWS\System32\GDI32.dll
0x00007ffa14bb0000 - 0x00007ffa14cc7000 	C:\WINDOWS\System32\gdi32full.dll
0x00007ffa14960000 - 0x00007ffa149fd000 	C:\WINDOWS\System32\msvcp_win.dll
0x00007ffa106c0000 - 0x00007ffa106db000 	C:\Program Files\Amazon Corretto\jdk17.0.10_7\bin\VCRUNTIME140.dll
0x00007ffa04ae0000 - 0x00007ffa04d7a000 	C:\WINDOWS\WinSxS\amd64_microsoft.windows.common-controls_6595b64144ccf1df_6.0.19041.3636_none_60b6a03d71f818d5\COMCTL32.dll
0x00007ffa16de0000 - 0x00007ffa16e7e000 	C:\WINDOWS\System32\msvcrt.dll
0x00007ffa16a40000 - 0x00007ffa16a72000 	C:\WINDOWS\System32\IMM32.DLL
0x00007ffa105f0000 - 0x00007ffa105fc000 	C:\Program Files\Amazon Corretto\jdk17.0.10_7\bin\vcruntime140_1.dll
0x00007ffa0e800000 - 0x00007ffa0e88d000 	C:\Program Files\Amazon Corretto\jdk17.0.10_7\bin\msvcp140.dll
0x00007ff9f0800000 - 0x00007ff9f1462000 	C:\Program Files\Amazon Corretto\jdk17.0.10_7\bin\server\jvm.dll
0x00007ffa15b20000 - 0x00007ffa15bd3000 	C:\WINDOWS\System32\ADVAPI32.dll
0x00007ffa16d40000 - 0x00007ffa16ddf000 	C:\WINDOWS\System32\sechost.dll
0x00007ffa15f40000 - 0x00007ffa16066000 	C:\WINDOWS\System32\RPCRT4.dll
0x00007ffa148c0000 - 0x00007ffa148e7000 	C:\WINDOWS\System32\bcrypt.dll
0x00007ffa13dd0000 - 0x00007ffa13e1b000 	C:\WINDOWS\SYSTEM32\POWRPROF.dll
0x00007ffa00270000 - 0x00007ffa00279000 	C:\WINDOWS\SYSTEM32\WSOCK32.dll
0x00007ffa16270000 - 0x00007ffa162db000 	C:\WINDOWS\System32\WS2_32.dll
0x00007ff9fed10000 - 0x00007ff9fed37000 	C:\WINDOWS\SYSTEM32\WINMM.dll
0x00007ffa06d00000 - 0x00007ffa06d0a000 	C:\WINDOWS\SYSTEM32\VERSION.dll
0x00007ffa13c40000 - 0x00007ffa13c52000 	C:\WINDOWS\SYSTEM32\UMPDC.dll
0x00007ffa126e0000 - 0x00007ffa126f2000 	C:\WINDOWS\SYSTEM32\kernel.appcore.dll
0x00007ffa105e0000 - 0x00007ffa105ea000 	C:\Program Files\Amazon Corretto\jdk17.0.10_7\bin\jimage.dll
0x00007ff9fdb90000 - 0x00007ff9fdd74000 	C:\WINDOWS\SYSTEM32\DBGHELP.DLL
0x00007ff9fdb50000 - 0x00007ff9fdb84000 	C:\WINDOWS\SYSTEM32\dbgcore.DLL
0x00007ffa14830000 - 0x00007ffa148b2000 	C:\WINDOWS\System32\bcryptPrimitives.dll
0x00007ffa0ffb0000 - 0x00007ffa0ffbe000 	C:\Program Files\Amazon Corretto\jdk17.0.10_7\bin\instrument.dll
0x00007ffa0fa70000 - 0x00007ffa0fa95000 	C:\Program Files\Amazon Corretto\jdk17.0.10_7\bin\java.dll
0x00007ffa051d0000 - 0x00007ffa052a7000 	C:\Program Files\Amazon Corretto\jdk17.0.10_7\bin\jsvml.dll
0x00007ffa15370000 - 0x00007ffa15ab5000 	C:\WINDOWS\System32\SHELL32.dll
0x00007ffa128e0000 - 0x00007ffa1307c000 	C:\WINDOWS\SYSTEM32\windows.storage.dll
0x00007ffa15be0000 - 0x00007ffa15f34000 	C:\WINDOWS\System32\combase.dll
0x00007ffa14260000 - 0x00007ffa1428e000 	C:\WINDOWS\SYSTEM32\Wldp.dll
0x00007ffa16a80000 - 0x00007ffa16b4d000 	C:\WINDOWS\System32\OLEAUT32.dll
0x00007ffa16b50000 - 0x00007ffa16bfd000 	C:\WINDOWS\System32\SHCORE.dll
0x00007ffa17020000 - 0x00007ffa17075000 	C:\WINDOWS\System32\shlwapi.dll
0x00007ffa14760000 - 0x00007ffa14785000 	C:\WINDOWS\SYSTEM32\profapi.dll
0x00007ffa0f740000 - 0x00007ffa0f758000 	C:\Program Files\Amazon Corretto\jdk17.0.10_7\bin\zip.dll
0x00007ffa0fa40000 - 0x00007ffa0fa59000 	C:\Program Files\Amazon Corretto\jdk17.0.10_7\bin\net.dll
0x00007ffa07c80000 - 0x00007ffa07d8a000 	C:\WINDOWS\SYSTEM32\WINHTTP.dll
0x00007ffa13fc0000 - 0x00007ffa1402a000 	C:\WINDOWS\system32\mswsock.dll
0x00007ffa0f920000 - 0x00007ffa0f936000 	C:\Program Files\Amazon Corretto\jdk17.0.10_7\bin\nio.dll
0x00007ffa0f720000 - 0x00007ffa0f73a000 	C:\Program Files\JetBrains\IntelliJ IDEA Community Edition 2023.3.4\bin\breakgen64.dll
0x00007ffa0ffa0000 - 0x00007ffa0ffa9000 	C:\Program Files\Amazon Corretto\jdk17.0.10_7\bin\extnet.dll
0x00007ffa0f960000 - 0x00007ffa0f970000 	C:\Program Files\Amazon Corretto\jdk17.0.10_7\bin\verify.dll
0x00007ffa0f530000 - 0x00007ffa0f539000 	C:\Program Files\Amazon Corretto\jdk17.0.10_7\bin\management.dll
0x00007ffa0f520000 - 0x00007ffa0f52b000 	C:\Program Files\Amazon Corretto\jdk17.0.10_7\bin\management_ext.dll
0x00007ffa151b0000 - 0x00007ffa151b8000 	C:\WINDOWS\System32\PSAPI.DLL
0x00007ffa0e0e0000 - 0x00007ffa0e0f7000 	C:\WINDOWS\system32\napinsp.dll
0x00007ffa0df30000 - 0x00007ffa0df4b000 	C:\WINDOWS\system32\pnrpnsp.dll
0x00007ff9fadd0000 - 0x00007ff9fade5000 	C:\WINDOWS\system32\wshbth.dll
0x00007ffa10570000 - 0x00007ffa1058d000 	C:\WINDOWS\system32\NLAapi.dll
0x00007ffa13c60000 - 0x00007ffa13c9b000 	C:\WINDOWS\SYSTEM32\IPHLPAPI.DLL
0x00007ffa13cb0000 - 0x00007ffa13d7b000 	C:\WINDOWS\SYSTEM32\DNSAPI.dll
0x00007ffa16c00000 - 0x00007ffa16c08000 	C:\WINDOWS\System32\NSI.dll
0x00007ffa0dde0000 - 0x00007ffa0ddf2000 	C:\WINDOWS\System32\winrnr.dll
0x00007ffa05420000 - 0x00007ffa0542a000 	C:\Windows\System32\rasadhlp.dll
0x00007ffa03a90000 - 0x00007ffa03b10000 	C:\WINDOWS\System32\fwpuclnt.dll
0x00007ffa141b0000 - 0x00007ffa141c8000 	C:\WINDOWS\SYSTEM32\CRYPTSP.dll
0x00007ffa13880000 - 0x00007ffa138b4000 	C:\WINDOWS\system32\rsaenh.dll
0x00007ffa14720000 - 0x00007ffa1474e000 	C:\WINDOWS\SYSTEM32\USERENV.dll
0x00007ffa141d0000 - 0x00007ffa141dc000 	C:\WINDOWS\SYSTEM32\CRYPTBASE.dll
0x00007ffa08590000 - 0x00007ffa085a7000 	C:\WINDOWS\SYSTEM32\dhcpcsvc6.DLL
0x00007ffa0ca40000 - 0x00007ffa0ca5d000 	C:\WINDOWS\SYSTEM32\dhcpcsvc.DLL
0x00007ffa0f510000 - 0x00007ffa0f51e000 	C:\Program Files\Amazon Corretto\jdk17.0.10_7\bin\sunmscapi.dll
0x00007ffa14a50000 - 0x00007ffa14bad000 	C:\WINDOWS\System32\CRYPT32.dll
0x00007ffa142d0000 - 0x00007ffa142f8000 	C:\WINDOWS\SYSTEM32\ncrypt.dll
0x00007ffa14290000 - 0x00007ffa142cb000 	C:\WINDOWS\SYSTEM32\NTASN1.dll
0x00007ffa104c0000 - 0x00007ffa104c7000 	C:\WINDOWS\system32\wshunix.dll

dbghelp: loaded successfully - version: 4.0.5 - missing functions: none
symbol engine: initialized successfully - sym options: 0x614 - pdb path: .;C:\Program Files\Amazon Corretto\jdk17.0.10_7\bin;C:\WINDOWS\SYSTEM32;C:\WINDOWS\WinSxS\amd64_microsoft.windows.common-controls_6595b64144ccf1df_6.0.19041.3636_none_60b6a03d71f818d5;C:\Program Files\Amazon Corretto\jdk17.0.10_7\bin\server;C:\Program Files\JetBrains\IntelliJ IDEA Community Edition 2023.3.4\bin

VM Arguments:
jvm_args: -javaagent:C:\Program Files\JetBrains\IntelliJ IDEA Community Edition 2023.3.4\lib\idea_rt.jar=53325:C:\Program Files\JetBrains\IntelliJ IDEA Community Edition 2023.3.4\bin -Dfile.encoding=UTF-8 
java_command: javag.javagApplication
java_class_path (initial): E:\project\javag\target\classes;C:\Users\justine\.m2\repository\org\springframework\boot\spring-boot-starter-thymeleaf\2.7.0\spring-boot-starter-thymeleaf-2.7.0.jar;C:\Users\justine\.m2\repository\org\springframework\boot\spring-boot-starter\2.7.0\spring-boot-starter-2.7.0.jar;C:\Users\justine\.m2\repository\org\springframework\boot\spring-boot-starter-logging\2.7.0\spring-boot-starter-logging-2.7.0.jar;C:\Users\justine\.m2\repository\ch\qos\logback\logback-classic\1.2.11\logback-classic-1.2.11.jar;C:\Users\justine\.m2\repository\ch\qos\logback\logback-core\1.2.11\logback-core-1.2.11.jar;C:\Users\justine\.m2\repository\org\apache\logging\log4j\log4j-to-slf4j\2.17.2\log4j-to-slf4j-2.17.2.jar;C:\Users\justine\.m2\repository\org\apache\logging\log4j\log4j-api\2.17.2\log4j-api-2.17.2.jar;C:\Users\justine\.m2\repository\org\slf4j\jul-to-slf4j\1.7.36\jul-to-slf4j-1.7.36.jar;C:\Users\justine\.m2\repository\jakarta\annotation\jakarta.annotation-api\1.3.5\jakarta.annotation-api-1.3.5.jar;C:\Users\justine\.m2\repository\org\yaml\snakeyaml\1.30\snakeyaml-1.30.jar;C:\Users\justine\.m2\repository\org\thymeleaf\thymeleaf-spring5\3.0.15.RELEASE\thymeleaf-spring5-3.0.15.RELEASE.jar;C:\Users\justine\.m2\repository\org\thymeleaf\thymeleaf\3.0.15.RELEASE\thymeleaf-3.0.15.RELEASE.jar;C:\Users\justine\.m2\repository\org\attoparser\attoparser\2.0.5.RELEASE\attoparser-2.0.5.RELEASE.jar;C:\Users\justine\.m2\repository\org\unbescape\unbescape\1.1.6.RELEASE\unbescape-1.1.6.RELEASE.jar;C:\Users\justine\.m2\repository\org\slf4j\slf4j-api\1.7.36\slf4j-api-1.7.36.jar;C:\Users\justine\.m2\repository\org\thymeleaf\extras\thymeleaf-extras-java8time\3.0.4.RELEASE\thymeleaf-extras-java8time-3.0.4.RELEASE.jar;C:\Users\justine\.m2\repository\org\springframework\boot\spring-boot-starter-web\2.7.0\spring-boot-starter-web-2.7.0.jar;C:\Users\justine\.m2\repository\org\springframework\boot\spring-boot-starter-json\2.7.0\spring-boot-starter-json-2.7.0.jar;C:\Users\justine\.m2\rep
Launcher Type: SUN_STANDARD

[Global flags]
     intx CICompilerCount                          = 3                                         {product} {ergonomic}
     uint ConcGCThreads                            = 1                                         {product} {ergonomic}
     uint G1ConcRefinementThreads                  = 4                                         {product} {ergonomic}
   size_t G1HeapRegionSize                         = 1048576                                   {product} {ergonomic}
    uintx GCDrainStackTargetSize                   = 64                                        {product} {ergonomic}
   size_t InitialHeapSize                          = 83886080                                  {product} {ergonomic}
   size_t MarkStackSize                            = 4194304                                   {product} {ergonomic}
   size_t MaxHeapSize                              = 1321205760                                {product} {ergonomic}
   size_t MaxNewSize                               = 792723456                                 {product} {ergonomic}
   size_t MinHeapDeltaBytes                        = 1048576                                   {product} {ergonomic}
   size_t MinHeapSize                              = 8388608                                   {product} {ergonomic}
    uintx NonNMethodCodeHeapSize                   = 5832780                                {pd product} {ergonomic}
    uintx NonProfiledCodeHeapSize                  = 122912730                              {pd product} {ergonomic}
    uintx ProfiledCodeHeapSize                     = 122912730                              {pd product} {ergonomic}
    uintx ReservedCodeCacheSize                    = 251658240                              {pd product} {ergonomic}
     bool SegmentedCodeCache                       = true                                      {product} {ergonomic}
   size_t SoftMaxHeapSize                          = 1321205760                             {manageable} {ergonomic}
     bool UseCompressedClassPointers               = true                           {product lp64_product} {ergonomic}
     bool UseCompressedOops                        = true                           {product lp64_product} {ergonomic}
     bool UseG1GC                                  = true                                      {product} {ergonomic}
     bool UseLargePagesIndividualAllocation        = false                                  {pd product} {ergonomic}

Logging:
Log output configuration:
 #0: stdout all=warning uptime,level,tags
 #1: stderr all=off uptime,level,tags

Environment Variables:
JAVA_HOME=C:\Program Files\Amazon Corretto\jdk17.0.10_7
PATH=C:\Program Files\apache-maven-3.9.6\bin;C:\WINDOWS\system32;C:\WINDOWS;C:\WINDOWS\System32\Wbem;C:\WINDOWS\System32\WindowsPowerShell\v1.0\;C:\WINDOWS\System32\OpenSSH\;C:\ProgramData\chocolatey\bin;C:\Program Files\PostgreSQL\16\bin;C:\Users\justine\AppData\Local\Microsoft\WindowsApps
USERNAME=Wesley
OS=Windows_NT
PROCESSOR_IDENTIFIER=Intel64 Family 6 Model 60 Stepping 3, GenuineIntel
TMP=C:\Users\justine\AppData\Local\Temp
TEMP=C:\Users\justine\AppData\Local\Temp



Periodic native trim disabled


---------------  S Y S T E M  ---------------

OS:
 Windows 10 , 64 bit Build 19041 (10.0.19041.3636)
OS uptime: 0 days 2:33 hours

CPU: total 4 (initial active 4) (2 cores per cpu, 2 threads per core) family 6 model 60 stepping 3 microcode 0x27, cx8, cmov, fxsr, ht, mmx, sse, sse2, sse3, ssse3, sse4.1, sse4.2, popcnt, lzcnt, tsc, tscinvbit, avx, avx2, aes, erms, clmul, bmi1, bmi2, fma, vzeroupper, clflush
Processor Information for all 4 processors :
  Max Mhz: 2500, Current Mhz: 1500, Mhz Limit: 1500

Memory: 4k page, system-wide physical 5036M (495M free)
TotalPageFile size 5938M (AvailPageFile size 4M)
current process WorkingSet (physical memory assigned to process): 162M, peak: 162M
current process commit charge ("private bytes"): 194M, peak: 213M

vm_info: OpenJDK 64-Bit Server VM (17.0.10+7-LTS) for windows-amd64 JRE (17.0.10+7-LTS), built on Jan 10 2024 22:11:07 by "Administrator" with MS VC++ 16.10 / 16.11 (VS2019)

END.
